2024-03-23T21:35:15.039+0700	INFO	logger/logger.go:59	Visiting /gia-vang-mieng-ve-duoi-80-trieu-sau-de-xuat-bo-doc-quyen-vang-mieng-4725412.html
2024-03-23T21:35:15.283+0700	ERROR	logger/logger.go:64	Error during saing file 	{"error": "open cache/4725412.html: The system cannot find the path specified."}
2024-03-23T21:35:15.310+0700	INFO	logger/logger.go:59	Finished 
2024-03-23T21:35:49.176+0700	INFO	logger/logger.go:59	Visiting /gia-vang-mieng-ve-duoi-80-trieu-sau-de-xuat-bo-doc-quyen-vang-mieng-4725412.html
2024-03-23T21:35:49.349+0700	INFO	logger/logger.go:59	Saved file into cache/4725412.html
2024-03-23T21:35:49.363+0700	INFO	logger/logger.go:59	Finished 
2024-03-24T08:48:20.610+0700	INFO	logger/logger.go:59	Visiting /gia-vang-mieng-ve-duoi-80-trieu-sau-de-xuat-bo-doc-quyen-vang-mieng-4725412.html
2024-03-24T08:48:20.803+0700	INFO	logger/logger.go:59	Saved file into cache/4725412.html
2024-03-24T08:48:20.815+0700	INFO	logger/logger.go:59	Processing statictis text
2024-03-24T08:48:20.819+0700	INFO	logger/logger.go:59	Done
2024-03-24T08:48:20.820+0700	INFO	logger/logger.go:59	Finished 
2024-03-26T00:58:28.883+0700	INFO	logger/logger.go:59	Visiting /gia-vang-mieng-ve-duoi-80-trieu-sau-de-xuat-bo-doc-quyen-vang-mieng-4725412.html
2024-03-26T00:58:29.024+0700	INFO	logger/logger.go:59	Saved file into cache/4725412.html
2024-03-26T00:58:29.028+0700	INFO	logger/logger.go:59	Processing statictis text
2024-03-26T00:58:29.030+0700	INFO	logger/logger.go:59	Write successfully into 4725412.html.json
2024-03-26T00:58:29.031+0700	INFO	logger/logger.go:59	Done
2024-03-26T00:58:29.031+0700	INFO	logger/logger.go:59	Finished 
2024-03-26T01:00:40.996+0700	INFO	logger/logger.go:59	Visiting /gia-vang-mieng-ve-duoi-80-trieu-sau-de-xuat-bo-doc-quyen-vang-mieng-4725412.html
2024-03-26T01:00:41.128+0700	INFO	logger/logger.go:59	Saved file into cache/4725412.html
2024-03-26T01:00:41.133+0700	INFO	logger/logger.go:59	Processing statictis text
2024-03-26T01:00:41.134+0700	INFO	logger/logger.go:59	Write successfully into 4725412.html.json
2024-03-26T01:00:41.135+0700	INFO	logger/logger.go:59	Done
2024-03-26T01:00:41.135+0700	INFO	logger/logger.go:59	Finished 
2024-03-26T01:02:13.499+0700	INFO	logger/logger.go:59	Visiting /gia-vang-mieng-ve-duoi-80-trieu-sau-de-xuat-bo-doc-quyen-vang-mieng-4725412.html
2024-03-26T01:02:13.632+0700	INFO	logger/logger.go:59	Saved file into cache/4725412.html
2024-03-26T01:02:13.636+0700	INFO	logger/logger.go:59	Processing statictis text
2024-03-26T01:02:13.639+0700	INFO	logger/logger.go:59	Write successfully into 4725412.html.json
2024-03-26T01:02:13.640+0700	INFO	logger/logger.go:59	Done
2024-03-26T01:02:13.640+0700	INFO	logger/logger.go:59	Finished 
2024-03-26T01:02:54.940+0700	INFO	logger/logger.go:59	Visiting /gia-vang-mieng-ve-duoi-80-trieu-sau-de-xuat-bo-doc-quyen-vang-mieng-4725412.html
2024-03-26T01:02:55.077+0700	INFO	logger/logger.go:59	Saved file into cache/4725412.html
2024-03-26T01:02:55.098+0700	INFO	logger/logger.go:59	Processing statictis text
2024-03-26T01:02:55.101+0700	INFO	logger/logger.go:59	Write successfully into 4725412.html.json
2024-03-26T01:02:55.101+0700	INFO	logger/logger.go:59	Done
2024-03-26T01:02:55.101+0700	INFO	logger/logger.go:59	Finished 
2024-03-26T03:28:27.886+0700	ERROR	logger/logger.go:64	Error open db:	{"error": "sql: unknown driver \"postgres\" (forgotten import?)"}
2024-03-26T03:29:28.767+0700	INFO	logger/logger.go:59	Visiting /gia-vang-mieng-ve-duoi-80-trieu-sau-de-xuat-bo-doc-quyen-vang-mieng-4725412.html
2024-03-26T03:29:29.207+0700	INFO	logger/logger.go:59	Saved file into cache/4725412.html
2024-03-26T03:29:29.223+0700	INFO	logger/logger.go:59	Processing statictis text
2024-03-26T03:29:29.224+0700	INFO	logger/logger.go:59	Write successfully into 4725412.html.json
2024-03-26T03:29:29.344+0700	ERROR	logger/logger.go:64	Error: 
2024-03-26T03:29:29.345+0700	INFO	logger/logger.go:59	Done
2024-03-26T03:29:29.345+0700	INFO	logger/logger.go:59	Finished 
2024-03-26T03:31:18.221+0700	INFO	logger/logger.go:59	Visiting /gia-vang-mieng-ve-duoi-80-trieu-sau-de-xuat-bo-doc-quyen-vang-mieng-4725412.html
2024-03-26T03:31:18.634+0700	INFO	logger/logger.go:59	Saved file into cache/4725412.html
2024-03-26T03:31:18.636+0700	INFO	logger/logger.go:59	Processing statictis text
2024-03-26T03:31:18.639+0700	INFO	logger/logger.go:59	Write successfully into 4725412.html.json
2024-03-26T03:31:18.677+0700	ERROR	logger/logger.go:64	Error: 
2024-03-26T03:31:18.677+0700	INFO	logger/logger.go:59	Done
2024-03-26T03:31:18.678+0700	INFO	logger/logger.go:59	Finished 
2024-03-26T03:32:20.002+0700	INFO	logger/logger.go:59	Visiting /gia-vang-mieng-ve-duoi-80-trieu-sau-de-xuat-bo-doc-quyen-vang-mieng-4725412.html
2024-03-26T03:32:21.491+0700	INFO	logger/logger.go:59	Saved file into cache/4725412.html
2024-03-26T03:32:21.508+0700	INFO	logger/logger.go:59	Processing statictis text
2024-03-26T03:32:21.524+0700	INFO	logger/logger.go:59	Write successfully into 4725412.html.json
2024-03-26T03:32:21.589+0700	ERROR	logger/logger.go:64	Error: 
2024-03-26T03:32:21.590+0700	INFO	logger/logger.go:59	Done
2024-03-26T03:32:21.590+0700	INFO	logger/logger.go:59	Finished 
2024-03-26T03:32:51.147+0700	INFO	logger/logger.go:59	Visiting /gia-vang-mieng-ve-duoi-80-trieu-sau-de-xuat-bo-doc-quyen-vang-mieng-4725412.html
2024-03-26T03:32:52.225+0700	INFO	logger/logger.go:59	Saved file into cache/4725412.html
2024-03-26T03:32:52.232+0700	INFO	logger/logger.go:59	Processing statictis text
2024-03-26T03:32:52.238+0700	INFO	logger/logger.go:59	Write successfully into 4725412.html.json
2024-03-26T03:32:52.324+0700	ERROR	logger/logger.go:64	Error: 
2024-03-26T03:32:52.324+0700	INFO	logger/logger.go:59	Done
2024-03-26T03:32:52.324+0700	INFO	logger/logger.go:59	Finished 
2024-03-26T03:33:41.430+0700	INFO	logger/logger.go:59	Visiting /gia-vang-mieng-ve-duoi-80-trieu-sau-de-xuat-bo-doc-quyen-vang-mieng-4725412.html
2024-03-26T03:33:41.871+0700	INFO	logger/logger.go:59	Saved file into cache/4725412.html
2024-03-26T03:33:41.884+0700	INFO	logger/logger.go:59	Processing statictis text
2024-03-26T03:33:41.894+0700	INFO	logger/logger.go:59	Write successfully into 4725412.html.json
2024-03-26T03:33:41.958+0700	ERROR	logger/logger.go:64	Error: 
2024-03-26T03:33:41.958+0700	INFO	logger/logger.go:59	Done
2024-03-26T03:33:41.958+0700	INFO	logger/logger.go:59	Finished 
2024-03-26T04:23:06.114+0700	INFO	logger/logger.go:59	Visiting /gia-vang-mieng-ve-duoi-80-trieu-sau-de-xuat-bo-doc-quyen-vang-mieng-4725412.html
2024-03-26T04:23:06.584+0700	INFO	logger/logger.go:59	Saved file into cache/4725412.html
2024-03-26T04:23:06.587+0700	INFO	logger/logger.go:59	Processing statictis text
2024-03-26T04:23:06.591+0700	INFO	logger/logger.go:59	Write successfully into 4725412.html.json
2024-03-26T04:23:06.666+0700	ERROR	logger/logger.go:64	Error: 
2024-03-26T04:23:06.666+0700	INFO	logger/logger.go:59	Done
2024-03-26T04:23:06.667+0700	INFO	logger/logger.go:59	Finished 
2024-03-26T04:24:13.957+0700	INFO	logger/logger.go:59	Visiting /gia-vang-mieng-ve-duoi-80-trieu-sau-de-xuat-bo-doc-quyen-vang-mieng-4725412.html
2024-03-26T04:24:14.484+0700	INFO	logger/logger.go:59	Saved file into cache/4725412.html
2024-03-26T04:24:14.487+0700	INFO	logger/logger.go:59	Processing statictis text
2024-03-26T04:24:14.490+0700	INFO	logger/logger.go:59	Write successfully into 4725412.html.json
2024-03-26T04:24:14.552+0700	ERROR	logger/logger.go:64	Error: 	{"error": "pq: got 6 parameters but the statement requires 7"}
2024-03-26T04:24:14.552+0700	INFO	logger/logger.go:59	Done
2024-03-26T04:24:14.553+0700	INFO	logger/logger.go:59	Finished 
2024-03-26T04:24:52.566+0700	INFO	logger/logger.go:59	Visiting /gia-vang-mieng-ve-duoi-80-trieu-sau-de-xuat-bo-doc-quyen-vang-mieng-4725412.html
2024-03-26T04:24:53.117+0700	INFO	logger/logger.go:59	Saved file into cache/4725412.html
2024-03-26T04:24:53.122+0700	INFO	logger/logger.go:59	Processing statictis text
2024-03-26T04:24:53.124+0700	INFO	logger/logger.go:59	Write successfully into 4725412.html.json
2024-03-26T04:24:53.177+0700	INFO	logger/logger.go:59	Insert successfully
2024-03-26T04:24:53.178+0700	INFO	logger/logger.go:59	Done
2024-03-26T04:24:53.178+0700	INFO	logger/logger.go:59	Finished 
2024-03-26T10:23:56.451+0700	INFO	logger/logger.go:59	Visiting /gia-vang-mieng-ve-duoi-80-trieu-sau-de-xuat-bo-doc-quyen-vang-mieng-4725412.html
2024-03-26T10:23:57.094+0700	INFO	logger/logger.go:59	Saved file into cache/4725412.html
2024-03-26T10:23:57.126+0700	INFO	logger/logger.go:59	Processing statictis text
2024-03-26T10:23:57.147+0700	INFO	logger/logger.go:59	Write successfully into 4725412.html.json
2024-03-26T10:23:57.410+0700	ERROR	logger/logger.go:64	Error: 	{"error": "pq: duplicate key value violates unique constraint \"paragraphs_pkey\""}
2024-03-26T10:23:57.411+0700	INFO	logger/logger.go:59	Done
2024-03-26T10:23:57.411+0700	INFO	logger/logger.go:59	Finished 
2024-03-26T10:27:56.450+0700	INFO	logger/logger.go:59	Visiting /gia-vang-mieng-ve-duoi-80-trieu-sau-de-xuat-bo-doc-quyen-vang-mieng-4725412.html
2024-03-26T10:27:56.949+0700	INFO	logger/logger.go:59	Saved file into cache/4725412.html
2024-03-26T10:27:56.957+0700	INFO	logger/logger.go:59	Processing statictis text
2024-03-26T10:27:56.958+0700	INFO	logger/logger.go:59	Write successfully into 4725412.html.json
2024-03-26T10:27:57.010+0700	ERROR	logger/logger.go:64	Error: 	{"error": "pq: duplicate key value violates unique constraint \"paragraphs_pkey\""}
2024-03-26T10:27:57.010+0700	INFO	logger/logger.go:59	Done
2024-03-26T10:27:57.010+0700	INFO	logger/logger.go:59	Finished 
2024-03-26T10:30:52.977+0700	INFO	logger/logger.go:59	Visiting /gia-vang-mieng-ve-duoi-80-trieu-sau-de-xuat-bo-doc-quyen-vang-mieng-4725412.html
2024-03-26T10:30:53.434+0700	INFO	logger/logger.go:59	Saved file into cache/4725412.html
2024-03-26T10:30:53.437+0700	INFO	logger/logger.go:59	Processing statictis text
2024-03-26T10:30:53.439+0700	INFO	logger/logger.go:59	Write successfully into 4725412.html.json
2024-03-26T10:30:53.480+0700	INFO	logger/logger.go:59	Insert successfully
2024-03-26T10:30:53.480+0700	INFO	logger/logger.go:59	Done
2024-03-26T10:30:53.480+0700	INFO	logger/logger.go:59	Finished 
2024-03-26T10:33:19.484+0700	INFO	logger/logger.go:59	Visiting /gia-vang-mieng-ve-duoi-80-trieu-sau-de-xuat-bo-doc-quyen-vang-mieng-4725412.html
2024-03-26T10:33:19.929+0700	INFO	logger/logger.go:59	Saved file into cache/4725412.html
2024-03-26T10:33:19.935+0700	INFO	logger/logger.go:59	Processing statictis text
2024-03-26T10:33:19.938+0700	INFO	logger/logger.go:59	Write successfully into 4725412.html.json
2024-03-26T10:33:20.093+0700	ERROR	logger/logger.go:64	Error: 	{"error": "pq: duplicate key value violates unique constraint \"paragraphs_pkey\""}
2024-03-26T10:33:20.094+0700	INFO	logger/logger.go:59	Done
2024-03-26T10:33:20.094+0700	INFO	logger/logger.go:59	Finished 
2024-03-26T10:37:33.638+0700	INFO	logger/logger.go:59	Visiting /gia-vang-mieng-ve-duoi-80-trieu-sau-de-xuat-bo-doc-quyen-vang-mieng-4725412.html
2024-03-26T10:37:34.067+0700	INFO	logger/logger.go:59	Saved file into cache/4725412.html
2024-03-26T10:37:34.072+0700	INFO	logger/logger.go:59	Processing statictis text
2024-03-26T10:37:34.075+0700	INFO	logger/logger.go:59	Write successfully into 4725412.html.json
2024-03-26T10:37:34.120+0700	ERROR	logger/logger.go:64	Error: 	{"error": "pq: duplicate key value violates unique constraint \"paragraphs_pkey\""}
2024-03-26T10:37:34.120+0700	INFO	logger/logger.go:59	Done
2024-03-26T10:37:34.120+0700	INFO	logger/logger.go:59	Finished 
2024-03-26T10:37:57.826+0700	INFO	logger/logger.go:59	Visiting /gia-vang-mieng-ve-duoi-80-trieu-sau-de-xuat-bo-doc-quyen-vang-mieng-4725412.html
2024-03-26T10:37:58.401+0700	INFO	logger/logger.go:59	Saved file into cache/4725412.html
2024-03-26T10:37:58.405+0700	INFO	logger/logger.go:59	Processing statictis text
2024-03-26T10:37:58.407+0700	INFO	logger/logger.go:59	Write successfully into 4725412.html.json
2024-03-26T10:37:58.454+0700	ERROR	logger/logger.go:64	Error: 	{"error": "pq: duplicate key value violates unique constraint \"paragraphs_pkey\""}
2024-03-26T10:37:58.455+0700	INFO	logger/logger.go:59	Done
2024-03-26T10:37:58.455+0700	INFO	logger/logger.go:59	Finished 
2024-03-26T10:39:10.532+0700	INFO	logger/logger.go:59	Visiting /gia-vang-mieng-ve-duoi-80-trieu-sau-de-xuat-bo-doc-quyen-vang-mieng-4725412.html
2024-03-26T10:39:10.943+0700	INFO	logger/logger.go:59	Saved file into cache/4725412.html
2024-03-26T10:39:10.946+0700	INFO	logger/logger.go:59	Visiting /ngan-hang-nha-nuoc-de-xuat-bo-doc-quyen-vang-mieng-4724716.html
2024-03-26T10:39:10.947+0700	INFO	logger/logger.go:59	Processing statictis text
2024-03-26T10:39:10.950+0700	INFO	logger/logger.go:59	Write successfully into 4724716.html.json
2024-03-26T10:39:11.004+0700	INFO	logger/logger.go:59	Insert successfully
2024-03-26T10:39:11.004+0700	INFO	logger/logger.go:59	Done
2024-03-26T10:39:11.004+0700	INFO	logger/logger.go:59	Finished 
2024-03-26T10:39:11.088+0700	INFO	logger/logger.go:59	Saved file into cache/4724716.html
2024-03-26T10:39:11.095+0700	INFO	logger/logger.go:59	Processing statictis text
2024-03-26T10:39:11.102+0700	INFO	logger/logger.go:59	Write successfully into 4724716.html.json
2024-03-26T10:39:11.104+0700	ERROR	logger/logger.go:64	Error: 	{"error": "pq: duplicate key value violates unique constraint \"paragraphs_pkey\""}
2024-03-26T10:39:11.104+0700	INFO	logger/logger.go:59	Done
2024-03-26T10:39:11.105+0700	INFO	logger/logger.go:59	Finished 
2024-03-26T10:46:20.465+0700	INFO	logger/logger.go:59	Visiting /gia-vang-mieng-ve-duoi-80-trieu-sau-de-xuat-bo-doc-quyen-vang-mieng-4725412.html
2024-03-26T10:46:20.877+0700	INFO	logger/logger.go:59	Saved file into cache/4725412.html
2024-03-26T10:46:20.886+0700	INFO	logger/logger.go:59	Visiting /ngan-hang-nha-nuoc-de-xuat-bo-doc-quyen-vang-mieng-4724716.html
2024-03-26T10:46:20.892+0700	INFO	logger/logger.go:59	Processing statictis text
2024-03-26T10:46:20.901+0700	INFO	logger/logger.go:59	Write successfully into 4724716.html.json
2024-03-26T10:46:20.995+0700	INFO	logger/logger.go:59	Saved file into cache/4724716.html
2024-03-26T10:46:21.003+0700	INFO	logger/logger.go:59	Insert successfully
2024-03-26T10:46:21.003+0700	INFO	logger/logger.go:59	Processing statictis text
2024-03-26T10:46:21.004+0700	INFO	logger/logger.go:59	Done
2024-03-26T10:46:21.004+0700	INFO	logger/logger.go:59	Finished 
2024-03-26T10:46:21.007+0700	INFO	logger/logger.go:59	Write successfully into 4724716.html.json
2024-03-26T10:46:21.010+0700	ERROR	logger/logger.go:64	Error: 	{"error": "pq: duplicate key value violates unique constraint \"paragraphs_pkey\""}
2024-03-26T10:46:21.011+0700	INFO	logger/logger.go:59	Done
2024-03-26T10:46:21.011+0700	INFO	logger/logger.go:59	Finished 
2024-03-26T10:47:02.245+0700	INFO	logger/logger.go:59	Visiting /gia-vang-mieng-ve-duoi-80-trieu-sau-de-xuat-bo-doc-quyen-vang-mieng-4725412.html
2024-03-26T10:47:02.661+0700	INFO	logger/logger.go:59	Saved file into cache/4725412.html
2024-03-26T10:47:02.662+0700	INFO	logger/logger.go:59	Visiting /ngan-hang-nha-nuoc-de-xuat-bo-doc-quyen-vang-mieng-4724716.html
2024-03-26T10:47:02.664+0700	INFO	logger/logger.go:59	Processing statictis text
2024-03-26T10:47:02.666+0700	INFO	logger/logger.go:59	Write successfully into 4724716.html.json
2024-03-26T10:47:02.716+0700	ERROR	logger/logger.go:64	Error: 	{"error": "pq: duplicate key value violates unique constraint \"paragraphs_pkey\""}
2024-03-26T10:47:02.716+0700	INFO	logger/logger.go:59	Done
2024-03-26T10:47:02.716+0700	INFO	logger/logger.go:59	Finished 
2024-03-26T10:47:02.772+0700	INFO	logger/logger.go:59	Saved file into cache/4724716.html
2024-03-26T10:47:02.777+0700	INFO	logger/logger.go:59	Processing statictis text
2024-03-26T10:47:02.780+0700	INFO	logger/logger.go:59	Write successfully into 4724716.html.json
2024-03-26T10:47:02.783+0700	ERROR	logger/logger.go:64	Error: 	{"error": "pq: duplicate key value violates unique constraint \"paragraphs_pkey\""}
2024-03-26T10:47:02.783+0700	INFO	logger/logger.go:59	Done
2024-03-26T10:47:02.783+0700	INFO	logger/logger.go:59	Finished 
2024-03-26T10:48:40.224+0700	INFO	logger/logger.go:59	Visiting /gia-vang-mieng-ve-duoi-80-trieu-sau-de-xuat-bo-doc-quyen-vang-mieng-4725412.html
2024-03-26T10:48:40.767+0700	INFO	logger/logger.go:59	Saved file into cache/4725412.html
2024-03-26T10:48:40.769+0700	INFO	logger/logger.go:59	Visiting /ngan-hang-nha-nuoc-de-xuat-bo-doc-quyen-vang-mieng-4724716.html
2024-03-26T10:48:40.771+0700	INFO	logger/logger.go:59	Processing statictis text
2024-03-26T10:48:40.774+0700	INFO	logger/logger.go:59	Write successfully into 4724716.html.json
2024-03-26T10:48:40.892+0700	ERROR	logger/logger.go:64	Error: 	{"error": "pq: duplicate key value violates unique constraint \"paragraphs_pkey\""}
2024-03-26T10:48:40.892+0700	INFO	logger/logger.go:59	Done
2024-03-26T10:48:40.892+0700	INFO	logger/logger.go:59	Finished 
2024-03-26T10:48:40.925+0700	INFO	logger/logger.go:59	Saved file into cache/4724716.html
2024-03-26T10:48:40.931+0700	INFO	logger/logger.go:59	Processing statictis text
2024-03-26T10:48:40.934+0700	INFO	logger/logger.go:59	Write successfully into 4724716.html.json
2024-03-26T10:48:40.937+0700	ERROR	logger/logger.go:64	Error: 	{"error": "pq: duplicate key value violates unique constraint \"paragraphs_pkey\""}
2024-03-26T10:48:40.937+0700	INFO	logger/logger.go:59	Done
2024-03-26T10:48:40.937+0700	INFO	logger/logger.go:59	Finished 
2024-03-26T10:50:24.322+0700	INFO	logger/logger.go:59	Visiting /gia-vang-mieng-ve-duoi-80-trieu-sau-de-xuat-bo-doc-quyen-vang-mieng-4725412.html
2024-03-26T10:50:24.741+0700	INFO	logger/logger.go:59	Saved file into cache/4725412.html
2024-03-26T10:50:24.752+0700	INFO	logger/logger.go:59	Visiting /ngan-hang-nha-nuoc-de-xuat-bo-doc-quyen-vang-mieng-4724716.html
2024-03-26T10:50:24.757+0700	INFO	logger/logger.go:59	Processing statictis text
2024-03-26T10:50:24.786+0700	INFO	logger/logger.go:59	Write successfully into 4724716.html.json
2024-03-26T10:50:24.867+0700	ERROR	logger/logger.go:64	Error: 	{"error": "pq: duplicate key value violates unique constraint \"paragraphs_pkey\""}
2024-03-26T10:50:24.867+0700	INFO	logger/logger.go:59	Done
2024-03-26T10:50:24.867+0700	INFO	logger/logger.go:59	Finished 
2024-03-26T10:50:24.870+0700	INFO	logger/logger.go:59	Saved file into cache/4724716.html
2024-03-26T10:50:24.877+0700	INFO	logger/logger.go:59	Processing statictis text
2024-03-26T10:50:24.896+0700	INFO	logger/logger.go:59	Write successfully into 4724716.html.json
2024-03-26T10:50:24.900+0700	ERROR	logger/logger.go:64	Error: 	{"error": "pq: duplicate key value violates unique constraint \"paragraphs_pkey\""}
2024-03-26T10:50:24.900+0700	INFO	logger/logger.go:59	Done
2024-03-26T10:50:24.900+0700	INFO	logger/logger.go:59	Finished 
2024-03-26T11:01:02.162+0700	INFO	logger/logger.go:59	Visiting /gia-vang-mieng-ve-duoi-80-trieu-sau-de-xuat-bo-doc-quyen-vang-mieng-4725412.html
2024-03-26T11:01:02.598+0700	INFO	logger/logger.go:59	Saved file into cache/4725412.html
2024-03-26T11:01:02.606+0700	INFO	logger/logger.go:59	Visiting /ngan-hang-nha-nuoc-de-xuat-bo-doc-quyen-vang-mieng-4724716.html
2024-03-26T11:01:02.614+0700	INFO	logger/logger.go:59	Processing statictis text
2024-03-26T11:01:02.623+0700	INFO	logger/logger.go:59	Write successfully into 4724716.html.json
2024-03-26T11:01:02.705+0700	ERROR	logger/logger.go:64	Error: 	{"error": "pq: duplicate key value violates unique constraint \"paragraphs_pkey\""}
2024-03-26T11:01:02.705+0700	INFO	logger/logger.go:59	Done
2024-03-26T11:01:02.706+0700	INFO	logger/logger.go:59	Finished 
2024-03-26T11:01:02.722+0700	INFO	logger/logger.go:59	Saved file into cache/4724716.html
2024-03-26T11:01:02.731+0700	INFO	logger/logger.go:59	Processing statictis text
2024-03-26T11:01:02.735+0700	INFO	logger/logger.go:59	Write successfully into 4724716.html.json
2024-03-26T11:01:02.739+0700	ERROR	logger/logger.go:64	Error: 	{"error": "pq: duplicate key value violates unique constraint \"paragraphs_pkey\""}
2024-03-26T11:01:02.739+0700	INFO	logger/logger.go:59	Done
2024-03-26T11:01:02.739+0700	INFO	logger/logger.go:59	Finished 
2024-03-26T11:01:35.404+0700	INFO	logger/logger.go:59	Visiting /gia-vang-mieng-ve-duoi-80-trieu-sau-de-xuat-bo-doc-quyen-vang-mieng-4725412.html
2024-03-26T11:01:35.866+0700	INFO	logger/logger.go:59	Saved file into cache/4725412.html
2024-03-26T11:01:35.872+0700	INFO	logger/logger.go:59	Visiting /ngan-hang-nha-nuoc-de-xuat-bo-doc-quyen-vang-mieng-4724716.html
2024-03-26T11:01:35.912+0700	INFO	logger/logger.go:59	Processing statictis text
2024-03-26T11:01:35.920+0700	INFO	logger/logger.go:59	Write successfully into 4724716.html.json
2024-03-26T11:01:35.990+0700	ERROR	logger/logger.go:64	Error: 	{"error": "pq: duplicate key value violates unique constraint \"paragraphs_pkey\""}
2024-03-26T11:01:35.990+0700	INFO	logger/logger.go:59	Done
2024-03-26T11:01:35.990+0700	INFO	logger/logger.go:59	Finished 
2024-03-26T11:01:35.996+0700	INFO	logger/logger.go:59	Saved file into cache/4724716.html
2024-03-26T11:01:36.013+0700	INFO	logger/logger.go:59	Processing statictis text
2024-03-26T11:01:36.042+0700	INFO	logger/logger.go:59	Write successfully into 4724716.html.json
2024-03-26T11:01:36.053+0700	ERROR	logger/logger.go:64	Error: 	{"error": "pq: duplicate key value violates unique constraint \"paragraphs_pkey\""}
2024-03-26T11:01:36.053+0700	INFO	logger/logger.go:59	Done
2024-03-26T11:01:36.053+0700	INFO	logger/logger.go:59	Finished 
2024-03-26T11:03:33.247+0700	INFO	logger/logger.go:59	Visiting /gia-vang-mieng-ve-duoi-80-trieu-sau-de-xuat-bo-doc-quyen-vang-mieng-4725412.html
2024-03-26T11:03:33.762+0700	INFO	logger/logger.go:59	Saved file into cache/4725412.html
2024-03-26T11:03:33.773+0700	INFO	logger/logger.go:59	Visiting /ngan-hang-nha-nuoc-de-xuat-bo-doc-quyen-vang-mieng-4724716.html
2024-03-26T11:03:33.778+0700	INFO	logger/logger.go:59	Processing statictis text
2024-03-26T11:03:33.787+0700	INFO	logger/logger.go:59	Write successfully into 4724716.html.json
2024-03-26T11:03:33.864+0700	ERROR	logger/logger.go:64	Error: 	{"error": "pq: duplicate key value violates unique constraint \"paragraphs_pkey\""}
2024-03-26T11:03:33.864+0700	INFO	logger/logger.go:59	Done
2024-03-26T11:03:33.865+0700	INFO	logger/logger.go:59	Finished 
2024-03-26T11:03:33.898+0700	INFO	logger/logger.go:59	Saved file into cache/4724716.html
2024-03-26T11:03:33.906+0700	INFO	logger/logger.go:59	Processing statictis text
2024-03-26T11:03:33.910+0700	INFO	logger/logger.go:59	Write successfully into 4724716.html.json
2024-03-26T11:03:33.913+0700	ERROR	logger/logger.go:64	Error: 	{"error": "pq: duplicate key value violates unique constraint \"paragraphs_pkey\""}
2024-03-26T11:03:33.913+0700	INFO	logger/logger.go:59	Done
2024-03-26T11:03:33.913+0700	INFO	logger/logger.go:59	Finished 
2024-03-26T11:11:12.441+0700	INFO	logger/logger.go:59	Visiting /gia-vang-mieng-ve-duoi-80-trieu-sau-de-xuat-bo-doc-quyen-vang-mieng-4725412.html
2024-03-26T11:11:13.017+0700	INFO	logger/logger.go:59	Saved file into cache/4725412.html
2024-03-26T11:11:13.019+0700	INFO	logger/logger.go:59	Visiting /ngan-hang-nha-nuoc-de-xuat-bo-doc-quyen-vang-mieng-4724716.html
2024-03-26T11:11:13.021+0700	INFO	logger/logger.go:59	Processing statictis text
2024-03-26T11:11:13.025+0700	INFO	logger/logger.go:59	Write successfully into 4724716.html.json
2024-03-26T11:11:13.096+0700	ERROR	logger/logger.go:64	Error: 	{"error": "pq: duplicate key value violates unique constraint \"paragraphs_pkey\""}
2024-03-26T11:11:13.097+0700	INFO	logger/logger.go:59	Done
2024-03-26T11:11:13.097+0700	INFO	logger/logger.go:59	Finished 
2024-03-26T11:11:13.162+0700	INFO	logger/logger.go:59	Saved file into cache/4724716.html
2024-03-26T11:11:13.170+0700	INFO	logger/logger.go:59	Processing statictis text
2024-03-26T11:11:13.174+0700	INFO	logger/logger.go:59	Write successfully into 4724716.html.json
2024-03-26T11:11:13.176+0700	ERROR	logger/logger.go:64	Error: 	{"error": "pq: duplicate key value violates unique constraint \"paragraphs_pkey\""}
2024-03-26T11:11:13.176+0700	INFO	logger/logger.go:59	Done
2024-03-26T11:11:13.176+0700	INFO	logger/logger.go:59	Finished 
2024-03-26T11:11:55.210+0700	INFO	logger/logger.go:59	Visiting /gia-vang-mieng-ve-duoi-80-trieu-sau-de-xuat-bo-doc-quyen-vang-mieng-4725412.html
2024-03-26T11:11:55.716+0700	INFO	logger/logger.go:59	Saved file into cache/4725412.html
2024-03-26T11:11:55.720+0700	INFO	logger/logger.go:59	Processing statictis text
2024-03-26T11:11:55.723+0700	INFO	logger/logger.go:59	Write successfully into 4725412.html.json
2024-03-26T11:11:55.771+0700	INFO	logger/logger.go:59	Insert successfully
2024-03-26T11:11:55.771+0700	INFO	logger/logger.go:59	Done
2024-03-26T11:11:55.771+0700	INFO	logger/logger.go:59	Finished 
2024-03-26T11:11:55.771+0700	INFO	logger/logger.go:59	Visiting /ngan-hang-nha-nuoc-de-xuat-bo-doc-quyen-vang-mieng-4724716.html
2024-03-26T11:11:55.867+0700	INFO	logger/logger.go:59	Saved file into cache/4724716.html
2024-03-26T11:11:55.870+0700	INFO	logger/logger.go:59	Processing statictis text
2024-03-26T11:11:55.873+0700	INFO	logger/logger.go:59	Write successfully into 4724716.html.json
2024-03-26T11:11:55.875+0700	ERROR	logger/logger.go:64	Error: 	{"error": "pq: duplicate key value violates unique constraint \"paragraphs_pkey\""}
2024-03-26T11:11:55.876+0700	INFO	logger/logger.go:59	Done
2024-03-26T11:11:55.876+0700	INFO	logger/logger.go:59	Finished 
2024-03-26T11:19:37.839+0700	INFO	logger/logger.go:59	Visiting /gia-vang-mieng-ve-duoi-80-trieu-sau-de-xuat-bo-doc-quyen-vang-mieng-4725412.html
2024-03-26T11:19:38.410+0700	INFO	logger/logger.go:59	Saved file into cache/4725412.html
2024-03-26T11:19:38.413+0700	INFO	logger/logger.go:59	Processing statictis text
2024-03-26T11:19:38.417+0700	INFO	logger/logger.go:59	Write successfully into 4725412.html.json
2024-03-26T11:19:38.522+0700	ERROR	logger/logger.go:64	Error: 	{"error": "pq: duplicate key value violates unique constraint \"paragraphs_pkey\""}
2024-03-26T11:19:38.526+0700	INFO	logger/logger.go:59	Done
2024-03-26T11:19:38.527+0700	INFO	logger/logger.go:59	Visiting /ngan-hang-nha-nuoc-de-xuat-bo-doc-quyen-vang-mieng-4724716.html
2024-03-26T11:19:38.527+0700	INFO	logger/logger.go:59	Finished 
2024-03-26T11:19:39.361+0700	INFO	logger/logger.go:59	Saved file into cache/4724716.html
2024-03-26T11:19:39.365+0700	INFO	logger/logger.go:59	Processing statictis text
2024-03-26T11:19:39.367+0700	INFO	logger/logger.go:59	Write successfully into 4724716.html.json
2024-03-26T11:19:39.369+0700	ERROR	logger/logger.go:64	Error: 	{"error": "pq: duplicate key value violates unique constraint \"paragraphs_pkey\""}
2024-03-26T11:19:39.370+0700	INFO	logger/logger.go:59	Done
2024-03-26T11:19:39.370+0700	INFO	logger/logger.go:59	Finished 
2024-03-26T11:20:30.285+0700	INFO	logger/logger.go:59	Visiting /gia-vang-mieng-ve-duoi-80-trieu-sau-de-xuat-bo-doc-quyen-vang-mieng-4725412.html
2024-03-26T11:20:30.665+0700	INFO	logger/logger.go:59	Saved file into cache/4725412.html
2024-03-26T11:20:30.672+0700	INFO	logger/logger.go:59	Processing statictis text
2024-03-26T11:20:30.678+0700	INFO	logger/logger.go:59	Write successfully into 4725412.html.json
2024-03-26T11:20:30.768+0700	INFO	logger/logger.go:59	Insert successfully
2024-03-26T11:20:30.768+0700	INFO	logger/logger.go:59	Done
2024-03-26T11:20:30.769+0700	INFO	logger/logger.go:59	Finished 
2024-03-26T11:20:30.769+0700	INFO	logger/logger.go:59	Visiting /ngan-hang-nha-nuoc-de-xuat-bo-doc-quyen-vang-mieng-4724716.html
2024-03-26T11:20:30.885+0700	INFO	logger/logger.go:59	Saved file into cache/4724716.html
2024-03-26T11:20:30.890+0700	INFO	logger/logger.go:59	Processing statictis text
2024-03-26T11:20:30.891+0700	INFO	logger/logger.go:59	Write successfully into 4724716.html.json
2024-03-26T11:20:30.893+0700	INFO	logger/logger.go:59	Insert successfully
2024-03-26T11:20:30.893+0700	INFO	logger/logger.go:59	Done
2024-03-26T11:20:30.894+0700	INFO	logger/logger.go:59	Finished 
2024-03-26T11:54:19.503+0700	INFO	logger/logger.go:59	Visiting /gia-vang-mieng-ve-duoi-80-trieu-sau-de-xuat-bo-doc-quyen-vang-mieng-4725412.html
2024-03-26T11:54:20.076+0700	INFO	logger/logger.go:59	Saved file into cache/4725412.html
2024-03-26T11:54:20.089+0700	INFO	logger/logger.go:59	Processing statictis text
2024-03-26T11:54:20.095+0700	INFO	logger/logger.go:59	Write successfully into 4725412.json
2024-03-26T11:54:20.483+0700	ERROR	logger/logger.go:64	Error: 	{"error": "pq: duplicate key value violates unique constraint \"paragraphs_pkey\""}
2024-03-26T11:54:20.483+0700	INFO	logger/logger.go:59	Done
2024-03-26T11:54:20.483+0700	INFO	logger/logger.go:59	Finished 
2024-03-26T11:54:20.483+0700	INFO	logger/logger.go:59	Visiting /ngan-hang-nha-nuoc-de-xuat-bo-doc-quyen-vang-mieng-4724716.html
2024-03-26T11:54:20.749+0700	INFO	logger/logger.go:59	Saved file into cache/4724716.html
2024-03-26T11:54:20.768+0700	INFO	logger/logger.go:59	Processing statictis text
2024-03-26T11:54:20.771+0700	INFO	logger/logger.go:59	Write successfully into 4724716.json
2024-03-26T11:54:20.774+0700	ERROR	logger/logger.go:64	Error: 	{"error": "pq: duplicate key value violates unique constraint \"paragraphs_pkey\""}
2024-03-26T11:54:20.774+0700	INFO	logger/logger.go:59	Done
2024-03-26T11:54:20.775+0700	INFO	logger/logger.go:59	Finished 
2024-03-26T12:28:27.984+0700	INFO	logger/logger.go:59	Visiting /gia-vang-mieng-ve-duoi-80-trieu-sau-de-xuat-bo-doc-quyen-vang-mieng-4725412.html
2024-03-26T12:28:28.430+0700	INFO	logger/logger.go:59	Saved file into cache/4725412.html
2024-03-26T12:28:28.433+0700	INFO	logger/logger.go:59	Processing statictis text
2024-03-26T12:28:28.435+0700	INFO	logger/logger.go:59	Write successfully into 4725412.json
2024-03-26T12:28:28.616+0700	ERROR	logger/logger.go:64	Error: 	{"error": "pq: duplicate key value violates unique constraint \"paragraphs_pkey\""}
2024-03-26T12:28:28.616+0700	INFO	logger/logger.go:59	Done
2024-03-26T12:28:28.617+0700	INFO	logger/logger.go:59	Finished 
2024-03-26T12:28:28.617+0700	INFO	logger/logger.go:59	Visiting /ngan-hang-nha-nuoc-de-xuat-bo-doc-quyen-vang-mieng-4724716.html
2024-03-26T12:28:28.740+0700	INFO	logger/logger.go:59	Saved file into cache/4724716.html
2024-03-26T12:28:28.752+0700	INFO	logger/logger.go:59	Processing statictis text
2024-03-26T12:28:28.754+0700	INFO	logger/logger.go:59	Write successfully into 4724716.json
2024-03-26T12:28:28.758+0700	ERROR	logger/logger.go:64	Error: 	{"error": "pq: duplicate key value violates unique constraint \"paragraphs_pkey\""}
2024-03-26T12:28:28.759+0700	INFO	logger/logger.go:59	Done
2024-03-26T12:28:28.759+0700	INFO	logger/logger.go:59	Finished 
2024-03-26T12:30:30.351+0700	INFO	logger/logger.go:59	Visiting /gia-vang-mieng-ve-duoi-80-trieu-sau-de-xuat-bo-doc-quyen-vang-mieng-4725412.html
2024-03-26T12:30:30.818+0700	INFO	logger/logger.go:59	Saved file into cache/4725412.html
2024-03-26T12:30:30.821+0700	INFO	logger/logger.go:59	Processing statictis text
2024-03-26T12:30:30.830+0700	INFO	logger/logger.go:59	Write successfully into 4725412.json
2024-03-26T12:30:31.015+0700	ERROR	logger/logger.go:64	Error: 	{"error": "pq: duplicate key value violates unique constraint \"paragraphs_pkey\""}
2024-03-26T12:30:31.015+0700	INFO	logger/logger.go:59	Done
2024-03-26T12:30:31.015+0700	INFO	logger/logger.go:59	Finished 
2024-03-26T12:30:31.015+0700	INFO	logger/logger.go:59	Visiting /ngan-hang-nha-nuoc-de-xuat-bo-doc-quyen-vang-mieng-4724716.html
2024-03-26T12:30:31.974+0700	INFO	logger/logger.go:59	Saved file into cache/4724716.html
2024-03-26T12:30:31.977+0700	INFO	logger/logger.go:59	Processing statictis text
2024-03-26T12:30:31.980+0700	INFO	logger/logger.go:59	Write successfully into 4724716.json
2024-03-26T12:30:31.982+0700	ERROR	logger/logger.go:64	Error: 	{"error": "pq: duplicate key value violates unique constraint \"paragraphs_pkey\""}
2024-03-26T12:30:31.982+0700	INFO	logger/logger.go:59	Done
2024-03-26T12:30:31.982+0700	INFO	logger/logger.go:59	Finished 
2024-03-26T12:32:16.661+0700	INFO	logger/logger.go:59	Visiting /gia-vang-mieng-ve-duoi-80-trieu-sau-de-xuat-bo-doc-quyen-vang-mieng-4725412.html
2024-03-26T12:32:17.097+0700	INFO	logger/logger.go:59	Saved file into cache/4725412.html
2024-03-26T12:32:17.100+0700	INFO	logger/logger.go:59	Processing statictis text
2024-03-26T12:32:17.106+0700	INFO	logger/logger.go:59	Write successfully into 4725412.json
2024-03-26T12:32:17.150+0700	ERROR	logger/logger.go:64	Error: 	{"error": "pq: duplicate key value violates unique constraint \"paragraphs_pkey\""}
2024-03-26T12:32:17.150+0700	INFO	logger/logger.go:59	Done
2024-03-26T12:32:17.150+0700	INFO	logger/logger.go:59	Finished 
2024-03-26T12:32:17.150+0700	INFO	logger/logger.go:59	Visiting /ngan-hang-nha-nuoc-de-xuat-bo-doc-quyen-vang-mieng-4724716.html
2024-03-26T12:32:18.555+0700	INFO	logger/logger.go:59	Saved file into cache/4724716.html
2024-03-26T12:32:18.563+0700	INFO	logger/logger.go:59	Processing statictis text
2024-03-26T12:32:18.574+0700	INFO	logger/logger.go:59	Write successfully into 4724716.json
2024-03-26T12:32:18.580+0700	ERROR	logger/logger.go:64	Error: 	{"error": "pq: duplicate key value violates unique constraint \"paragraphs_pkey\""}
2024-03-26T12:32:18.580+0700	INFO	logger/logger.go:59	Done
2024-03-26T12:32:18.581+0700	INFO	logger/logger.go:59	Finished 
2024-03-26T12:33:31.847+0700	INFO	logger/logger.go:59	Visiting /gia-vang-mieng-ve-duoi-80-trieu-sau-de-xuat-bo-doc-quyen-vang-mieng-4725412.html
2024-03-26T12:33:32.349+0700	INFO	logger/logger.go:59	Saved file into cache/4725412.html
2024-03-26T12:33:32.352+0700	INFO	logger/logger.go:59	Processing statictis text
2024-03-26T12:33:32.362+0700	INFO	logger/logger.go:59	Write successfully into 4725412.json
2024-03-26T12:33:32.509+0700	ERROR	logger/logger.go:64	Error: 	{"error": "pq: duplicate key value violates unique constraint \"paragraphs_pkey\""}
2024-03-26T12:33:32.509+0700	INFO	logger/logger.go:59	Done
2024-03-26T12:33:32.510+0700	INFO	logger/logger.go:59	Finished 
2024-03-26T12:33:32.510+0700	INFO	logger/logger.go:59	Visiting /ngan-hang-nha-nuoc-de-xuat-bo-doc-quyen-vang-mieng-4724716.html
2024-03-26T12:33:32.705+0700	INFO	logger/logger.go:59	Saved file into cache/4724716.html
2024-03-26T12:33:32.713+0700	INFO	logger/logger.go:59	Processing statictis text
2024-03-26T12:33:32.714+0700	INFO	logger/logger.go:59	Write successfully into 4724716.json
2024-03-26T12:33:32.716+0700	ERROR	logger/logger.go:64	Error: 	{"error": "pq: duplicate key value violates unique constraint \"paragraphs_pkey\""}
2024-03-26T12:33:32.717+0700	INFO	logger/logger.go:59	Done
2024-03-26T12:33:32.718+0700	INFO	logger/logger.go:59	Finished 
2024-03-26T13:16:38.640+0700	INFO	logger/logger.go:59	Visiting /gia-vang-mieng-ve-duoi-80-trieu-sau-de-xuat-bo-doc-quyen-vang-mieng-4725412.html
2024-03-26T13:16:45.361+0700	INFO	logger/logger.go:59	Saved file into cache/4725412.html
2024-03-26T13:16:45.365+0700	INFO	logger/logger.go:59	Processing statictis text
2024-03-26T13:16:45.366+0700	INFO	logger/logger.go:59	Write successfully into 4725412.json
2024-03-26T13:16:45.716+0700	ERROR	logger/logger.go:64	Error: 	{"error": "pq: duplicate key value violates unique constraint \"paragraphs_pkey\""}
2024-03-26T13:16:45.716+0700	INFO	logger/logger.go:59	Done
2024-03-26T13:16:45.717+0700	INFO	logger/logger.go:59	Finished 
2024-03-26T13:16:45.717+0700	INFO	logger/logger.go:59	Visiting /ngan-hang-nha-nuoc-de-xuat-bo-doc-quyen-vang-mieng-4724716.html
2024-03-26T13:16:47.189+0700	INFO	logger/logger.go:59	Saved file into cache/4724716.html
2024-03-26T13:16:47.191+0700	INFO	logger/logger.go:59	Processing statictis text
2024-03-26T13:16:47.196+0700	INFO	logger/logger.go:59	Write successfully into 4724716.json
2024-03-26T13:16:47.256+0700	ERROR	logger/logger.go:64	Error: 	{"error": "pq: duplicate key value violates unique constraint \"paragraphs_pkey\""}
2024-03-26T13:16:47.256+0700	INFO	logger/logger.go:59	Done
2024-03-26T13:16:47.257+0700	INFO	logger/logger.go:59	Finished 
2024-03-26T13:47:11.519+0700	INFO	logger/logger.go:59	Visiting /gia-vang-mieng-ve-duoi-80-trieu-sau-de-xuat-bo-doc-quyen-vang-mieng-4725412.html
2024-03-26T13:47:12.176+0700	INFO	logger/logger.go:59	Saved file into cache/4725412.html
2024-03-26T13:47:12.179+0700	INFO	logger/logger.go:59	Processing statictis text
2024-03-26T13:47:12.181+0700	INFO	logger/logger.go:59	Write successfully into 4725412.json
2024-03-26T13:47:12.284+0700	ERROR	logger/logger.go:64	Error: 	{"error": "pq: duplicate key value violates unique constraint \"paragraphs_pkey\""}
2024-03-26T13:47:12.284+0700	INFO	logger/logger.go:59	Done
2024-03-26T13:47:12.285+0700	INFO	logger/logger.go:59	Finished 
2024-03-26T13:47:12.285+0700	INFO	logger/logger.go:59	Visiting /ngan-hang-nha-nuoc-de-xuat-bo-doc-quyen-vang-mieng-4724716.html
2024-03-26T13:47:12.668+0700	INFO	logger/logger.go:59	Saved file into cache/4724716.html
2024-03-26T13:47:12.672+0700	INFO	logger/logger.go:59	Processing statictis text
2024-03-26T13:47:12.674+0700	INFO	logger/logger.go:59	Write successfully into 4724716.json
2024-03-26T13:47:12.677+0700	ERROR	logger/logger.go:64	Error: 	{"error": "pq: duplicate key value violates unique constraint \"paragraphs_pkey\""}
2024-03-26T13:47:12.677+0700	INFO	logger/logger.go:59	Done
2024-03-26T13:47:12.679+0700	INFO	logger/logger.go:59	Finished 
2024-03-26T13:54:25.165+0700	INFO	logger/logger.go:59	Visiting /gia-vang-mieng-ve-duoi-80-trieu-sau-de-xuat-bo-doc-quyen-vang-mieng-4725412.html
2024-03-26T13:54:29.365+0700	INFO	logger/logger.go:59	Saved file into cache/4725412.html
2024-03-26T13:54:29.369+0700	INFO	logger/logger.go:59	Processing statictis text
2024-03-26T13:54:29.373+0700	INFO	logger/logger.go:59	Write successfully into 4725412.json
2024-03-26T13:54:29.459+0700	ERROR	logger/logger.go:64	Error: 	{"error": "pq: duplicate key value violates unique constraint \"paragraphs_pkey\""}
2024-03-26T13:54:29.460+0700	INFO	logger/logger.go:59	Done
2024-03-26T13:54:29.460+0700	INFO	logger/logger.go:59	Finished 
2024-03-26T13:54:29.460+0700	INFO	logger/logger.go:59	Visiting /ngan-hang-nha-nuoc-de-xuat-bo-doc-quyen-vang-mieng-4724716.html
2024-03-26T13:54:33.107+0700	INFO	logger/logger.go:59	Saved file into cache/4724716.html
2024-03-26T13:54:33.111+0700	INFO	logger/logger.go:59	Processing statictis text
2024-03-26T13:54:33.114+0700	INFO	logger/logger.go:59	Write successfully into 4724716.json
2024-03-26T13:54:33.147+0700	ERROR	logger/logger.go:64	Error: 	{"error": "pq: duplicate key value violates unique constraint \"paragraphs_pkey\""}
2024-03-26T13:54:33.147+0700	INFO	logger/logger.go:59	Done
2024-03-26T13:54:33.148+0700	INFO	logger/logger.go:59	Finished 
